[12:33:41.014][INFO][CraftTweaker-EarlyInit]: CraftTweaker is running on a Minecraft 1.20.1 production client modded with platform Forge
[12:33:41.056][INFO][CraftTweaker-EarlyInit]: Successfully injected RecipeFS file system
[12:33:41.214][INFO][CraftTweaker-Plugins]: Successfully identified and loaded plugin crafttweaker:builtin
[12:33:41.222][INFO][CraftTweaker-Plugins]: Successfully identified and loaded plugin crafttweaker:builtin_forge
[12:33:41.230][INFO][CraftTweaker-Plugins]: Successfully identified and loaded plugin farmersdelight:crafttweaker_plugin
[12:33:43.311][INFO][CraftTweaker]: The following mods have explicit CraftTweaker support through the default plugin:
[12:33:43.312][INFO][CraftTweaker]: - 'crafttweaker' at version '14.0.24'
[12:33:43.312][INFO][CraftTweaker]: - 'farmersdelight' at version '1.20.1-1.2.3'
[12:34:00.017][INFO][CraftTweaker-ZenCode]: Started loading scripts for loader 'initialize'
[12:34:00.884][INFO][CraftTweaker-ZenCode]: Compiling and executing scripts
[12:34:01.023][INFO][CraftTweaker-ZenCode]: Successfully initialized modules [crafttweaker, expansions]
[12:34:01.348][INFO][CraftTweaker-ZenCode]: Execution for loader 'initialize' completed successfully
[12:35:39.111][INFO][CraftTweaker-ZenCode]: Started loading scripts for loader 'tags'
[12:35:39.136][INFO][CraftTweaker-ZenCode]: Compiling and executing scripts
[12:35:39.179][INFO][CraftTweaker-ZenCode]: Successfully initialized modules [crafttweaker, expansions]
[12:35:39.188][INFO][CraftTweaker-ZenCode]: Execution for loader 'tags' completed successfully
[12:35:41.301][INFO][CraftTweaker]: CraftTweaker reload starting!
[12:35:41.307][INFO][CraftTweaker-ZenCode]: Started loading scripts for loader 'crafttweaker'
[12:35:41.330][INFO][CraftTweaker-ZenCode]: Compiling and executing scripts
[12:35:42.134][INFO][CraftTweaker-ZenCode]: Successfully initialized modules [mods, crafttweaker, expansions]
[12:35:42.144][INFO][CraftTweaker-ZenCode]: Execution for loader 'crafttweaker' completed successfully
[12:35:42.146][INFO][CraftTweaker]: CraftTweaker reload complete!
